<?xml version="1.0" encoding="UTF-8"?>
<!-- Generated by org.testng.reporters.JUnitReportReporter -->
<testsuite hostname="ELW4140" failures="0" tests="2" name="tests.TestExamples" time="3.246" errors="0" timestamp="2021-05-22T14:23:31 IST" skipped="0">
  <testcase classname="tests.TestExamples" name="test_2" time="0.829"/>
  <system-out/>
  <testcase classname="tests.TestExamples" name="test_1" time="2.417"/>
  <system-out/>
</testsuite> <!-- tests.TestExamples -->
