<?xml version="1.0" encoding="UTF-8"?>
<!-- Generated by org.testng.reporters.JUnitReportReporter -->
<testsuite hostname="ELW4140" failures="0" tests="1" name="tests.PutPatchDeleteExample" time="3.821" errors="0" timestamp="2021-05-22T20:08:19 IST" skipped="0">
  <testcase classname="tests.PutPatchDeleteExample" name="testDelete" time="3.821"/>
  <system-out/>
</testsuite> <!-- tests.PutPatchDeleteExample -->
